<?xml version="1.0" encoding="UTF-8"?>
<testsuite name="com.tools.apirestredis.ApiRestRedisApplicationTests" tests="1" skipped="0" failures="0" errors="0" timestamp="2021-03-18T13:22:03" hostname="dfonseca-VirtualBox" time="0.999">
  <properties/>
  <testcase name="contextLoads()" classname="com.tools.apirestredis.ApiRestRedisApplicationTests" time="0.999"/>
  <system-out><![CDATA[10:21:49.318 [Test worker] DEBUG org.springframework.test.context.BootstrapUtils - Instantiating CacheAwareContextLoaderDelegate from class [org.springframework.test.context.cache.DefaultCacheAwareContextLoaderDelegate]
10:21:49.357 [Test worker] DEBUG org.springframework.test.context.BootstrapUtils - Instantiating BootstrapContext using constructor [public org.springframework.test.context.support.DefaultBootstrapContext(java.lang.Class,org.springframework.test.context.CacheAwareContextLoaderDelegate)]
10:21:49.497 [Test worker] DEBUG org.springframework.test.context.BootstrapUtils - Instantiating TestContextBootstrapper for test class [com.tools.apirestredis.ApiRestRedisApplicationTests] from class [org.springframework.boot.test.context.SpringBootTestContextBootstrapper]
10:21:49.540 [Test worker] INFO org.springframework.boot.test.context.SpringBootTestContextBootstrapper - Neither @ContextConfiguration nor @ContextHierarchy found for test class [com.tools.apirestredis.ApiRestRedisApplicationTests], using SpringBootContextLoader
10:21:49.558 [Test worker] DEBUG org.springframework.test.context.support.AbstractContextLoader - Did not detect default resource location for test class [com.tools.apirestredis.ApiRestRedisApplicationTests]: class path resource [com/tools/apirestredis/ApiRestRedisApplicationTests-context.xml] does not exist
10:21:49.561 [Test worker] DEBUG org.springframework.test.context.support.AbstractContextLoader - Did not detect default resource location for test class [com.tools.apirestredis.ApiRestRedisApplicationTests]: class path resource [com/tools/apirestredis/ApiRestRedisApplicationTestsContext.groovy] does not exist
10:21:49.563 [Test worker] INFO org.springframework.test.context.support.AbstractContextLoader - Could not detect default resource locations for test class [com.tools.apirestredis.ApiRestRedisApplicationTests]: no resource found for suffixes {-context.xml, Context.groovy}.
10:21:49.564 [Test worker] INFO org.springframework.test.context.support.AnnotationConfigContextLoaderUtils - Could not detect default configuration classes for test class [com.tools.apirestredis.ApiRestRedisApplicationTests]: ApiRestRedisApplicationTests does not declare any static, non-private, non-final, nested classes annotated with @Configuration.
10:21:49.713 [Test worker] DEBUG org.springframework.test.context.support.ActiveProfilesUtils - Could not find an 'annotation declaring class' for annotation type [org.springframework.test.context.ActiveProfiles] and class [com.tools.apirestredis.ApiRestRedisApplicationTests]
10:21:49.963 [Test worker] DEBUG org.springframework.context.annotation.ClassPathScanningCandidateComponentProvider - Identified candidate component class: file [/home/vte_dfonseca/workspace/github/api-rest-redis/build/classes/java/main/com/tools/apirestredis/ApiRestRedisApplication.class]
10:21:49.968 [Test worker] INFO org.springframework.boot.test.context.SpringBootTestContextBootstrapper - Found @SpringBootConfiguration com.tools.apirestredis.ApiRestRedisApplication for test class com.tools.apirestredis.ApiRestRedisApplicationTests
10:21:50.407 [Test worker] DEBUG org.springframework.boot.test.context.SpringBootTestContextBootstrapper - @TestExecutionListeners is not present for class [com.tools.apirestredis.ApiRestRedisApplicationTests]: using defaults.
10:21:50.411 [Test worker] INFO org.springframework.boot.test.context.SpringBootTestContextBootstrapper - Loaded default TestExecutionListener class names from location [META-INF/spring.factories]: [org.springframework.boot.test.autoconfigure.restdocs.RestDocsTestExecutionListener, org.springframework.boot.test.autoconfigure.web.client.MockRestServiceServerResetTestExecutionListener, org.springframework.boot.test.autoconfigure.web.servlet.MockMvcPrintOnlyOnFailureTestExecutionListener, org.springframework.boot.test.autoconfigure.web.servlet.WebDriverTestExecutionListener, org.springframework.boot.test.autoconfigure.webservices.client.MockWebServiceServerTestExecutionListener, org.springframework.boot.test.mock.mockito.MockitoTestExecutionListener, org.springframework.boot.test.mock.mockito.ResetMocksTestExecutionListener, org.springframework.test.context.web.ServletTestExecutionListener, org.springframework.test.context.support.DirtiesContextBeforeModesTestExecutionListener, org.springframework.test.context.event.ApplicationEventsTestExecutionListener, org.springframework.test.context.support.DependencyInjectionTestExecutionListener, org.springframework.test.context.support.DirtiesContextTestExecutionListener, org.springframework.test.context.transaction.TransactionalTestExecutionListener, org.springframework.test.context.jdbc.SqlScriptsTestExecutionListener, org.springframework.test.context.event.EventPublishingTestExecutionListener]
10:21:50.537 [Test worker] INFO org.springframework.boot.test.context.SpringBootTestContextBootstrapper - Using TestExecutionListeners: [org.springframework.test.context.web.ServletTestExecutionListener@1613e983, org.springframework.test.context.support.DirtiesContextBeforeModesTestExecutionListener@4a9d5fa, org.springframework.test.context.event.ApplicationEventsTestExecutionListener@2978717a, org.springframework.boot.test.mock.mockito.MockitoTestExecutionListener@90f1406, org.springframework.boot.test.autoconfigure.SpringBootDependencyInjectionTestExecutionListener@d9bb55, org.springframework.test.context.support.DirtiesContextTestExecutionListener@4a15a8b1, org.springframework.test.context.transaction.TransactionalTestExecutionListener@200cf328, org.springframework.test.context.jdbc.SqlScriptsTestExecutionListener@51d26c0b, org.springframework.test.context.event.EventPublishingTestExecutionListener@1c9c6677, org.springframework.boot.test.autoconfigure.restdocs.RestDocsTestExecutionListener@7b2b0575, org.springframework.boot.test.autoconfigure.web.client.MockRestServiceServerResetTestExecutionListener@3c792c8b, org.springframework.boot.test.autoconfigure.web.servlet.MockMvcPrintOnlyOnFailureTestExecutionListener@7e89bd3b, org.springframework.boot.test.autoconfigure.web.servlet.WebDriverTestExecutionListener@159d343, org.springframework.boot.test.autoconfigure.webservices.client.MockWebServiceServerTestExecutionListener@227a6eb0, org.springframework.boot.test.mock.mockito.ResetMocksTestExecutionListener@57121300]
10:21:50.547 [Test worker] DEBUG org.springframework.test.context.support.AbstractDirtiesContextTestExecutionListener - Before test class: context [DefaultTestContext@4ea3e088 testClass = ApiRestRedisApplicationTests, testInstance = [null], testMethod = [null], testException = [null], mergedContextConfiguration = [WebMergedContextConfiguration@1842fe4d testClass = ApiRestRedisApplicationTests, locations = '{}', classes = '{class com.tools.apirestredis.ApiRestRedisApplication}', contextInitializerClasses = '[]', activeProfiles = '{}', propertySourceLocations = '{}', propertySourceProperties = '{org.springframework.boot.test.context.SpringBootTestContextBootstrapper=true}', contextCustomizers = set[org.springframework.boot.test.autoconfigure.actuate.metrics.MetricsExportContextCustomizerFactory$DisableMetricExportContextCustomizer@65f567d, org.springframework.boot.test.autoconfigure.properties.PropertyMappingContextCustomizer@0, org.springframework.boot.test.autoconfigure.web.servlet.WebDriverContextCustomizerFactory$Customizer@214ce13e, org.springframework.boot.test.context.filter.ExcludeFilterContextCustomizer@78fd85aa, org.springframework.boot.test.json.DuplicateJsonObjectContextCustomizerFactory$DuplicateJsonObjectContextCustomizer@1decc706, org.springframework.boot.test.mock.mockito.MockitoContextCustomizer@0, org.springframework.boot.test.web.client.TestRestTemplateContextCustomizer@6f4043c6, org.springframework.boot.test.context.SpringBootTestArgs@1, org.springframework.boot.test.context.SpringBootTestWebEnvironment@29841d2c], resourceBasePath = 'src/main/webapp', contextLoader = 'org.springframework.boot.test.context.SpringBootContextLoader', parent = [null]], attributes = map['org.springframework.test.context.web.ServletTestExecutionListener.activateListener' -> true]], class annotated with @DirtiesContext [false] with mode [null].
10:21:50.622 [Test worker] DEBUG org.springframework.test.context.support.TestPropertySourceUtils - Adding inlined properties to environment: {spring.jmx.enabled=false, org.springframework.boot.test.context.SpringBootTestContextBootstrapper=true}

  .   ____          _            __ _ _
 /\\ / ___'_ __ _ _(_)_ __  __ _ \ \ \ \
( ( )\___ | '_ | '_| | '_ \/ _` | \ \ \ \
 \\/  ___)| |_)| | | | | || (_| |  ) ) ) )
  '  |____| .__|_| |_|_| |_\__, | / / / /
 =========|_|==============|___/=/_/_/_/
 :: Spring Boot ::                (v2.4.4)

2021-03-18 10:21:51.558  INFO 9446 --- [    Test worker] c.t.a.ApiRestRedisApplicationTests       : Starting ApiRestRedisApplicationTests using Java 1.8.0_144 on dfonseca-VirtualBox with PID 9446 (started by root in /home/vte_dfonseca/workspace/github/api-rest-redis)
2021-03-18 10:21:51.573  INFO 9446 --- [    Test worker] c.t.a.ApiRestRedisApplicationTests       : No active profile set, falling back to default profiles: default
2021-03-18 10:21:53.745  INFO 9446 --- [    Test worker] .s.d.r.c.RepositoryConfigurationDelegate : Multiple Spring Data modules found, entering strict repository configuration mode!
2021-03-18 10:21:53.754  INFO 9446 --- [    Test worker] .s.d.r.c.RepositoryConfigurationDelegate : Bootstrapping Spring Data Redis repositories in DEFAULT mode.
2021-03-18 10:21:54.539  INFO 9446 --- [    Test worker] .s.d.r.c.RepositoryConfigurationDelegate : Finished Spring Data repository scanning in 738 ms. Found 1 Redis repository interfaces.
2021-03-18 10:22:01.347  INFO 9446 --- [    Test worker] o.s.s.concurrent.ThreadPoolTaskExecutor  : Initializing ExecutorService 'applicationTaskExecutor'
2021-03-18 10:22:03.457  INFO 9446 --- [    Test worker] c.t.a.ApiRestRedisApplicationTests       : Started ApiRestRedisApplicationTests in 12.823 seconds (JVM running for 16.472)
]]></system-out>
  <system-err><![CDATA[]]></system-err>
</testsuite>
